<?xml version="1.0" encoding="UTF-8"?>
<!-- Generated by org.testng.reporters.JUnitXMLReporter -->
<testsuite ignored="0" hostname="DESKTOP-9JHPJBD" failures="0" tests="4" name="Test" time="304.314" errors="0" timestamp="2022-06-17T18:05:33 CDT">
  <testcase classname="Academy.E2EProject.HomePage" name="basePageNavigation" time="52.077"/>
  <testcase classname="Academy.E2EProject.HomePage" name="basePageNavigation" time="48.363"/>
  <testcase classname="Academy.E2EProject.ValidateNavigationbar" name="basePageNavigation" time="37.274"/>
  <testcase classname="Academy.E2EProject.ValidateTile" name="basePageNavigation" time="0.088"/>
</testsuite> <!-- Test -->
