<?xml version="1.0" encoding="UTF-8"?>
<!-- Generated by org.testng.reporters.JUnitXMLReporter -->
<testsuite ignored="0" hostname="DESKTOP-9JHPJBD" failures="1" tests="1" name="ValidateTile" time="41.848" errors="0" timestamp="2022-06-22T08:49:49 CDT">
  <testcase classname="Academy.E2EProject.ValidateTile" name="basePageNavigation" time="0.102">
    <failure type="java.lang.AssertionError" message="expected [FEATURED COURSES1] but found [FEATURED COURSES]">
      <![CDATA[java.lang.AssertionError: expected [FEATURED COURSES1] but found [FEATURED COURSES]
at Academy.E2EProject.ValidateTile.basePageNavigation(ValidateTile.java:36)
at java.base/java.util.ArrayList.forEach(ArrayList.java:1541)
... Removed 33 stack frames]]>
    </failure>
  </testcase> <!-- basePageNavigation -->
</testsuite> <!-- ValidateTile -->
