<?xml version="1.0" encoding="UTF-8"?>
<!-- Generated by org.testng.reporters.JUnitXMLReporter -->
<testsuite ignored="0" hostname="DESKTOP-9JHPJBD" failures="0" tests="4" name="Test" time="282.644" errors="0" timestamp="2022-06-17T19:03:00 CDT">
  <testcase classname="Academy.E2EProject.HomePage" name="basePageNavigation" time="67.104"/>
  <testcase classname="Academy.E2EProject.HomePage" name="basePageNavigation" time="41.393"/>
  <testcase classname="Academy.E2EProject.ValidateNavigationbar" name="basePageNavigation" time="0.144"/>
  <testcase classname="Academy.E2EProject.ValidateTile" name="basePageNavigation" time="0.076"/>
</testsuite> <!-- Test -->
